wrapper  | --> Wrapper Started as Daemon
wrapper  | Launching a JVM...
jvm 1    | OpenJDK 64-Bit Server VM warning: ignoring option MaxPermSize=192m; support was removed in 8.0
jvm 1    | Wrapper (Version 3.2.3) http://wrapper.tanukisoftware.org
jvm 1    |   Copyright 1999-2006 Tanuki Software, Inc.  All Rights Reserved.
jvm 1    | 
jvm 1    | 2018-05-21 12:32:44,496+0000 INFO  [WrapperListener_start_runner]  org.sonatype.nexus.bootstrap.jsw.JswLauncher - Starting with arguments: [./conf/jetty.xml, ./conf/jetty-requestlog.xml]
jvm 1    | 2018-05-21 12:32:44,499+0000 INFO  [WrapperListener_start_runner]  org.sonatype.nexus.bootstrap.jsw.JswLauncher - JVM ID: 1, JVM PID: 3733, Wrapper PID: 3731, User: sandu_suma
jvm 1    | 2018-05-21 12:32:44,615+0000 INFO  [WrapperListener_start_runner]  org.sonatype.nexus.bootstrap.ConfigurationBuilder - Properties:
jvm 1    | 2018-05-21 12:32:44,616+0000 INFO  [WrapperListener_start_runner]  org.sonatype.nexus.bootstrap.ConfigurationBuilder -   application-conf='/home/sandu_suma/Calculator/nexus/../sonatype-work/nexus/conf'
jvm 1    | 2018-05-21 12:32:44,616+0000 INFO  [WrapperListener_start_runner]  org.sonatype.nexus.bootstrap.ConfigurationBuilder -   application-host='0.0.0.0'
jvm 1    | 2018-05-21 12:32:44,616+0000 INFO  [WrapperListener_start_runner]  org.sonatype.nexus.bootstrap.ConfigurationBuilder -   application-port='8081'
jvm 1    | 2018-05-21 12:32:44,616+0000 INFO  [WrapperListener_start_runner]  org.sonatype.nexus.bootstrap.ConfigurationBuilder -   bundleBasedir='/home/sandu_suma/Calculator/nexus'
jvm 1    | 2018-05-21 12:32:44,616+0000 INFO  [WrapperListener_start_runner]  org.sonatype.nexus.bootstrap.ConfigurationBuilder -   java.awt.headless='true'
jvm 1    | 2018-05-21 12:32:44,616+0000 INFO  [WrapperListener_start_runner]  org.sonatype.nexus.bootstrap.ConfigurationBuilder -   networkaddress.cache.ttl='3600'
jvm 1    | 2018-05-21 12:32:44,616+0000 INFO  [WrapperListener_start_runner]  org.sonatype.nexus.bootstrap.ConfigurationBuilder -   nexus-app='/home/sandu_suma/Calculator/nexus/nexus/WEB-INF'
jvm 1    | 2018-05-21 12:32:44,616+0000 INFO  [WrapperListener_start_runner]  org.sonatype.nexus.bootstrap.ConfigurationBuilder -   nexus-webapp='/home/sandu_suma/Calculator/nexus/nexus'
jvm 1    | 2018-05-21 12:32:44,616+0000 INFO  [WrapperListener_start_runner]  org.sonatype.nexus.bootstrap.ConfigurationBuilder -   nexus-webapp-context-path='/nexus'
jvm 1    | 2018-05-21 12:32:44,616+0000 INFO  [WrapperListener_start_runner]  org.sonatype.nexus.bootstrap.ConfigurationBuilder -   nexus-work='/home/sandu_suma/Calculator/sonatype-work/nexus'
jvm 1    | 2018-05-21 12:32:44,616+0000 INFO  [WrapperListener_start_runner]  org.sonatype.nexus.bootstrap.ConfigurationBuilder -   org.eclipse.ecf.provider.filetransfer.retrieve.readTimeout='30000'
jvm 1    | 2018-05-21 12:32:44,616+0000 INFO  [WrapperListener_start_runner]  org.sonatype.nexus.bootstrap.ConfigurationBuilder -   runtime='/home/sandu_suma/Calculator/nexus/nexus/WEB-INF'
jvm 1    | 2018-05-21 12:32:44,616+0000 INFO  [WrapperListener_start_runner]  org.sonatype.nexus.bootstrap.ConfigurationBuilder -   security-xml-file='/home/sandu_suma/Calculator/nexus/../sonatype-work/nexus/conf/security.xml'
jvm 1    | 2018-05-21 12:32:44,616+0000 INFO  [WrapperListener_start_runner]  org.sonatype.nexus.bootstrap.ConfigurationBuilder -   storage.diskCache.bufferSize='4096'
jvm 1    | 2018-05-21 12:32:44,617+0000 INFO  [WrapperListener_start_runner]  org.sonatype.nexus.bootstrap.Launcher - Java: 1.8.0_171, OpenJDK 64-Bit Server VM, Oracle Corporation, 25.171-b10
jvm 1    | 2018-05-21 12:32:44,620+0000 INFO  [WrapperListener_start_runner]  org.sonatype.nexus.bootstrap.Launcher - OS: Linux, 3.10.0-862.2.3.el7.x86_64, amd64
jvm 1    | 2018-05-21 12:32:44,620+0000 INFO  [WrapperListener_start_runner]  org.sonatype.nexus.bootstrap.Launcher - User: sandu_suma, en, /home/sandu_suma
jvm 1    | 2018-05-21 12:32:44,620+0000 INFO  [WrapperListener_start_runner]  org.sonatype.nexus.bootstrap.Launcher - CWD: /home/sandu_suma/Calculator/nexus
jvm 1    | 2018-05-21 12:32:44,637+0000 INFO  [WrapperListener_start_runner]  org.sonatype.nexus.bootstrap.Launcher - TMP: /home/sandu_suma/Calculator/nexus/tmp
jvm 1    | 2018-05-21 12:32:44,639+0000 INFO  [WrapperListener_start_runner]  org.sonatype.nexus.bootstrap.jetty.JettyServer - Starting
jvm 1    | 2018-05-21 12:32:44,650+0000 INFO  [WrapperListener_start_runner]  org.sonatype.nexus.bootstrap.jetty.JettyServer - Applying configuration: file:/home/sandu_suma/Calculator/nexus/conf/jetty.xml
jvm 1    | 2018-05-21 12:32:44,998+0000 INFO  [WrapperListener_start_runner]  org.sonatype.nexus.bootstrap.jetty.JettyServer - Applying configuration: file:/home/sandu_suma/Calculator/nexus/conf/jetty-requestlog.xml
jvm 1    | 2018-05-21 12:32:45,021+0000 INFO  [jetty-main-1]  org.sonatype.nexus.bootstrap.jetty.JettyServer - Starting: org.eclipse.jetty.server.Server@4a356a35
jvm 1    | 2018-05-21 12:32:45,023+0000 INFO  [jetty-main-1]  org.eclipse.jetty.server.Server - jetty-8.1.16.v20140903
jvm 1    | 2018-05-21 12:32:45,872+0000 INFO  [jetty-main-1]  org.sonatype.nexus.webapp.WebappBootstrap - Initializing
jvm 1    | 2018-05-21 12:32:45,872+0000 INFO  [jetty-main-1]  org.sonatype.nexus.webapp.WebappBootstrap - Using bootstrap launcher configuration
jvm 1    | 2018-05-21 12:32:47,073+0000 INFO  [jetty-main-1]  org.sonatype.nexus.webapp.metrics.MetricsModule - Metrics support configured
jvm 1    | 2018-05-21 12:32:49,334+0000 INFO  [jetty-main-1]  org.sonatype.sisu.goodies.eventbus.internal.DefaultEventBus - Using Reentrant Guava EventBus
jvm 1    | 2018-05-21 12:32:49,451+0000 WARN  [jetty-main-1]  org.sonatype.security.configuration.source.FileSecurityConfigurationSource - No configuration file in place, copying the default one and continuing with it.
jvm 1    | 2018-05-21 12:32:49,501+0000 INFO  [jetty-main-1]  org.sonatype.security.configuration.source.FileSecurityConfigurationSource - Loading Security configuration from /home/sandu_suma/Calculator/nexus/../sonatype-work/nexus/conf/security-configuration.xml
jvm 1    | 2018-05-21 12:32:49,519+0000 INFO  [jetty-main-1]  org.sonatype.sisu.ehcache.CacheManagerComponentImpl - Loading configuration from: file:/home/sandu_suma/Calculator/nexus/nexus/WEB-INF/classes/ehcache.xml
jvm 1    | 2018-05-21 12:32:49,668+0000 INFO  [jetty-main-1]  com.thoughtworks.xstream.XStream - Version: 1.4.6-SONATYPE-03, white-list support available
jvm 1    | 2018-05-21 12:32:49,748+0000 INFO  [jetty-main-1]  org.sonatype.nexus.proxy.registry.DefaultRepositoryTypeRegistry - Registered default repository types.
jvm 1    | 2018-05-21 12:32:49,857+0000 INFO  [jetty-main-1]  org.sonatype.nexus.events.EventSubscriberHost - Initialized
jvm 1    | 2018-05-21 12:32:49,864+0000 INFO  [jetty-main-1]  org.sonatype.nexus.NxApplication - 
jvm 1    | -------------------------------------------------
jvm 1    | 
jvm 1    | Initializing Nexus Repository Manager OSS 2.14.8-01
jvm 1    | 
jvm 1    | -------------------------------------------------
jvm 1    | 2018-05-21 12:32:49,865+0000 INFO  [jetty-main-1]  org.sonatype.nexus.NxApplication - Activating locally installed plugins...
jvm 1    | 2018-05-21 12:32:51,221+0000 INFO  [jetty-main-1]  com.sun.jersey.server.impl.application.WebApplicationImpl - Initiating Jersey application, version 'Jersey: 1.17.1 02/28/2013 12:47 PM'
jvm 1    | 2018-05-21 12:32:54,042+0000 INFO  [jetty-main-1]  org.sonatype.nexus.plugins.bcprov.CryptoPlugin - Unlimited strength JCE policy detected
jvm 1    | 2018-05-21 12:32:54,817+0000 INFO  [jetty-main-1]  org.sonatype.nexus.kazuki.KazukiPlugin - Kazuki version: 0.1.8
jvm 1    | 2018-05-21 12:32:58,462+0000 INFO  [jetty-main-1]  org.sonatype.nexus.proxy.registry.DefaultRepositoryTypeRegistry - Registered Repository type RepositoryType=(org.sonatype.nexus.proxy.repository.ShadowRepository:nuget-shadow).
jvm 1    | 2018-05-21 12:32:58,463+0000 INFO  [jetty-main-1]  org.sonatype.nexus.proxy.registry.DefaultRepositoryTypeRegistry - Registered Repository type RepositoryType=(org.sonatype.nexus.proxy.repository.GroupRepository:nuget-group).
jvm 1    | 2018-05-21 12:32:58,463+0000 INFO  [jetty-main-1]  org.sonatype.nexus.proxy.registry.DefaultRepositoryTypeRegistry - Registered Repository type RepositoryType=(org.sonatype.nexus.proxy.repository.Repository:nuget-proxy).
jvm 1    | 2018-05-21 12:32:58,694+0000 INFO  [jetty-main-1]  org.sonatype.nexus.proxy.registry.DefaultRepositoryTypeRegistry - Registered Repository type RepositoryType=(org.sonatype.nexus.proxy.repository.GroupRepository:npm-group).
jvm 1    | 2018-05-21 12:32:58,694+0000 INFO  [jetty-main-1]  org.sonatype.nexus.proxy.registry.DefaultRepositoryTypeRegistry - Registered Repository type RepositoryType=(org.sonatype.nexus.proxy.repository.Repository:npm-proxy).
jvm 1    | 2018-05-21 12:32:58,694+0000 INFO  [jetty-main-1]  org.sonatype.nexus.proxy.registry.DefaultRepositoryTypeRegistry - Registered Repository type RepositoryType=(org.sonatype.nexus.proxy.repository.Repository:npm-hosted).
jvm 1    | 2018-05-21 12:32:59,870+0000 INFO  [jetty-main-1]  org.sonatype.nexus.proxy.registry.DefaultRepositoryTypeRegistry - Registered Repository type RepositoryType=(org.sonatype.nexus.proxy.repository.GroupRepository:rubygems-group).
jvm 1    | 2018-05-21 12:32:59,870+0000 INFO  [jetty-main-1]  org.sonatype.nexus.proxy.registry.DefaultRepositoryTypeRegistry - Registered Repository type RepositoryType=(org.sonatype.nexus.proxy.repository.Repository:rubygems-proxy).
jvm 1    | 2018-05-21 12:32:59,870+0000 INFO  [jetty-main-1]  org.sonatype.nexus.proxy.registry.DefaultRepositoryTypeRegistry - Registered Repository type RepositoryType=(org.sonatype.nexus.proxy.repository.Repository:rubygems-hosted).
jvm 1    | 2018-05-21 12:33:02,332+0000 INFO  [jetty-main-1]  org.sonatype.nexus.proxy.registry.DefaultRepositoryTypeRegistry - Registered Repository type RepositoryType=(org.sonatype.nexus.proxy.repository.WebSiteRepository:site).
jvm 1    | 2018-05-21 12:33:03,361+0000 INFO  [jetty-main-1]  org.sonatype.nexus.NxApplication - Plugin manager request "ACTIVATE" on plugin "org.sonatype.nexus.plugins:nexus-rutauth-plugin:2.14.8-01" was successful.
jvm 1    | 2018-05-21 12:33:03,362+0000 INFO  [jetty-main-1]  org.sonatype.nexus.NxApplication - Plugin manager request "ACTIVATE" on plugin "org.sonatype.nexus.plugins:nexus-webresources-plugin:2.14.8-01" was successful.
jvm 1    | 2018-05-21 12:33:03,362+0000 INFO  [jetty-main-1]  org.sonatype.nexus.NxApplication - Plugin manager request "ACTIVATE" on plugin "org.sonatype.nexus.plugins:nexus-restlet1x-plugin:2.14.8-01" was successful.
jvm 1    | 2018-05-21 12:33:03,362+0000 INFO  [jetty-main-1]  org.sonatype.nexus.NxApplication - Plugin manager request "ACTIVATE" on plugin "org.sonatype.nexus.plugins:nexus-groovy-plugin:2.14.8-01" was successful.
jvm 1    | 2018-05-21 12:33:03,362+0000 INFO  [jetty-main-1]  org.sonatype.nexus.NxApplication - Plugin manager request "ACTIVATE" on plugin "org.sonatype.nexus.plugins:nexus-maven-bridge-plugin:2.14.8-01" was successful.
jvm 1    | 2018-05-21 12:33:03,362+0000 INFO  [jetty-main-1]  org.sonatype.nexus.NxApplication - Plugin manager request "ACTIVATE" on plugin "org.sonatype.nexus.plugins:nexus-wonderland-plugin:2.14.8-01" was successful.
jvm 1    | 2018-05-21 12:33:03,362+0000 INFO  [jetty-main-1]  org.sonatype.nexus.NxApplication - Plugin manager request "ACTIVATE" on plugin "org.sonatype.nexus.plugins:nexus-yum-repository-plugin:2.14.8-01" was successful.
jvm 1    | 2018-05-21 12:33:03,362+0000 INFO  [jetty-main-1]  org.sonatype.nexus.NxApplication - Plugin manager request "ACTIVATE" on plugin "org.sonatype.nexus.plugins:nexus-orient-plugin:2.14.8-01" was successful.
jvm 1    | 2018-05-21 12:33:03,362+0000 INFO  [jetty-main-1]  org.sonatype.nexus.NxApplication - Plugin manager request "ACTIVATE" on plugin "com.sonatype.nexus.plugins:nexus-nuget-plugin:2.14.8-01" was successful.
jvm 1    | 2018-05-21 12:33:03,362+0000 INFO  [jetty-main-1]  org.sonatype.nexus.NxApplication - Plugin manager request "ACTIVATE" on plugin "org.sonatype.nexus.plugins:nexus-capabilities-plugin:2.14.8-01" was successful.
jvm 1    | 2018-05-21 12:33:03,362+0000 INFO  [jetty-main-1]  org.sonatype.nexus.NxApplication - Plugin manager request "ACTIVATE" on plugin "org.sonatype.nexus.plugins:nexus-npm-repository-plugin:2.14.8-01" was successful.
jvm 1    | 2018-05-21 12:33:03,362+0000 INFO  [jetty-main-1]  org.sonatype.nexus.NxApplication - Plugin manager request "ACTIVATE" on plugin "com.sonatype.nexus.plugins:nexus-iq-repository-oss-plugin:2.14.8-01" was successful.
jvm 1    | 2018-05-21 12:33:03,362+0000 INFO  [jetty-main-1]  org.sonatype.nexus.NxApplication - Plugin manager request "ACTIVATE" on plugin "com.sonatype.nexus.plugins:nexus-migrationagent-plugin:2.14.8-01" was successful.
jvm 1    | 2018-05-21 12:33:03,362+0000 INFO  [jetty-main-1]  org.sonatype.nexus.NxApplication - Plugin manager request "ACTIVATE" on plugin "org.sonatype.nexus.plugins:nexus-indexer-lucene-plugin:2.14.8-01" was successful.
jvm 1    | 2018-05-21 12:33:03,362+0000 INFO  [jetty-main-1]  org.sonatype.nexus.NxApplication - Plugin manager request "ACTIVATE" on plugin "org.sonatype.nexus.plugins:nexus-kazuki-plugin:2.14.8-01" was successful.
jvm 1    | 2018-05-21 12:33:03,362+0000 INFO  [jetty-main-1]  org.sonatype.nexus.NxApplication - Plugin manager request "ACTIVATE" on plugin "org.sonatype.nexus.plugins:nexus-site-repository-plugin:2.14.8-01" was successful.
jvm 1    | 2018-05-21 12:33:03,362+0000 INFO  [jetty-main-1]  org.sonatype.nexus.NxApplication - Plugin manager request "ACTIVATE" on plugin "org.sonatype.nexus.plugins:nexus-ldap-realm-plugin:2.14.8-01" was successful.
jvm 1    | 2018-05-21 12:33:03,362+0000 INFO  [jetty-main-1]  org.sonatype.nexus.NxApplication - Plugin manager request "ACTIVATE" on plugin "org.sonatype.nexus.plugins:nexus-plugin-console-plugin:2.14.8-01" was successful.
jvm 1    | 2018-05-21 12:33:03,362+0000 INFO  [jetty-main-1]  org.sonatype.nexus.NxApplication - Plugin manager request "ACTIVATE" on plugin "org.sonatype.nexus.plugins:nexus-timeline-plugin:2.14.8-01" was successful.
jvm 1    | 2018-05-21 12:33:03,362+0000 INFO  [jetty-main-1]  org.sonatype.nexus.NxApplication - Plugin manager request "ACTIVATE" on plugin "com.sonatype.nexus.plugins:nexus-analytics-plugin:2.14.8-01" was successful.
jvm 1    | 2018-05-21 12:33:03,362+0000 INFO  [jetty-main-1]  org.sonatype.nexus.NxApplication - Plugin manager request "ACTIVATE" on plugin "org.sonatype.nexus.plugins:nexus-ui-extjs3-plugin:2.14.8-01" was successful.
jvm 1    | 2018-05-21 12:33:03,362+0000 INFO  [jetty-main-1]  org.sonatype.nexus.NxApplication - Plugin manager request "ACTIVATE" on plugin "org.sonatype.nexus.plugins:nexus-siesta-plugin:2.14.8-01" was successful.
jvm 1    | 2018-05-21 12:33:03,363+0000 INFO  [jetty-main-1]  org.sonatype.nexus.NxApplication - Plugin manager request "ACTIVATE" on plugin "org.sonatype.nexus.plugins:nexus-rrb-plugin:2.14.8-01" was successful.
jvm 1    | 2018-05-21 12:33:03,363+0000 INFO  [jetty-main-1]  org.sonatype.nexus.NxApplication - Plugin manager request "ACTIVATE" on plugin "org.sonatype.nexus.plugins:nexus-atlas-plugin:2.14.8-01" was successful.
jvm 1    | 2018-05-21 12:33:03,363+0000 INFO  [jetty-main-1]  org.sonatype.nexus.NxApplication - Plugin manager request "ACTIVATE" on plugin "org.sonatype.nexus.plugins:nexus-archetype-plugin:2.14.8-01" was successful.
jvm 1    | 2018-05-21 12:33:03,363+0000 INFO  [jetty-main-1]  org.sonatype.nexus.NxApplication - Plugin manager request "ACTIVATE" on plugin "org.sonatype.nexus.plugins:nexus-ruby-plugin:2.14.8-01" was successful.
jvm 1    | 2018-05-21 12:33:03,363+0000 INFO  [jetty-main-1]  org.sonatype.nexus.NxApplication - Plugin manager request "ACTIVATE" on plugin "com.sonatype.nexus.plugins:nexus-outreach-plugin:2.14.8-01" was successful.
jvm 1    | 2018-05-21 12:33:03,363+0000 INFO  [jetty-main-1]  org.sonatype.nexus.NxApplication - Plugin manager request "ACTIVATE" on plugin "org.sonatype.nexus.plugins:nexus-logging-plugin:2.14.8-01" was successful.
jvm 1    | 2018-05-21 12:33:03,363+0000 INFO  [jetty-main-1]  org.sonatype.nexus.NxApplication - Plugin manager request "ACTIVATE" on plugin "org.sonatype.nexus.plugins:nexus-crypto-plugin:2.14.8-01" was successful.
jvm 1    | 2018-05-21 12:33:03,363+0000 INFO  [jetty-main-1]  org.sonatype.nexus.NxApplication - Plugin manager request "ACTIVATE" on plugin "org.sonatype.nexus.plugins:nexus-h2-plugin:2.14.8-01" was successful.
jvm 1    | 2018-05-21 12:33:03,363+0000 INFO  [jetty-main-1]  org.sonatype.nexus.NxApplication - Plugin manager request "ACTIVATE" on plugin "org.sonatype.nexus.plugins:nexus-content-plugin:2.14.8-01" was successful.
jvm 1    | 2018-05-21 12:33:03,363+0000 INFO  [jetty-main-1]  org.sonatype.nexus.NxApplication - Plugin manager request "ACTIVATE" on plugin "org.sonatype.nexus.plugins:nexus-lvo-plugin:2.14.8-01" was successful.
jvm 1    | 2018-05-21 12:33:03,363+0000 INFO  [jetty-main-1]  org.sonatype.nexus.events.EventSubscriberHost - Starting
jvm 1    | 2018-05-21 12:33:03,417+0000 INFO  [jetty-main-1]  org.sonatype.nexus.timeline.DefaultNexusTimeline - Initializing Nexus Timeline...
jvm 1    | 2018-05-21 12:33:03,433+0000 INFO  [jetty-main-1]  org.sonatype.nexus.timeline.DefaultNexusTimeline - Starting Nexus Timeline...
jvm 1    | 2018-05-21 12:33:03,681+0000 INFO  [jetty-main-1]  org.sonatype.timeline.internal.DefaultTimeline - Started Timeline...
jvm 1    | 2018-05-21 12:33:04,395+0000 INFO  [jetty-main-1]  org.sonatype.nexus.apachehttpclient.Hc4ProviderImpl - Started (connectionPoolMaxSize 200, connectionPoolSize 20, connectionPoolIdleTime 30000 ms, connectionPoolTimeout 30000 ms, keepAliveMaxDuration 30000 ms)
jvm 1    | 2018-05-21 12:33:04,869+0000 INFO  [jetty-main-1]  org.sonatype.nexus.orient.DatabaseServerImpl - OrientDB version: 2.1.14
jvm 1    | 2018-05-21 12:33:04,895+0000 INFO  [jetty-main-1]  com.orientechnologies.orient.server.OServer - OrientDB Server v2.1.14 is starting up...
jvm 1    | 2018-05-21 12:33:04,900+0000 INFO  [jetty-main-1]  com.orientechnologies.orient.server.OServer - Databases directory: /home/sandu_suma/Calculator/sonatype-work/nexus/db
jvm 1    | 2018-05-21 12:33:04,921+0000 INFO  [jetty-main-1]  com.orientechnologies.orient.server.handler.OJMXPlugin - JMX plugin installed and active: profilerManaged=true
jvm 1    | 2018-05-21 12:33:04,922+0000 INFO  [jetty-main-1]  com.orientechnologies.orient.server.OServer - OrientDB Server v2.1.14 is active.
jvm 1    | 2018-05-21 12:33:04,922+0000 INFO  [jetty-main-1]  org.sonatype.nexus.orient.DatabaseServerImpl - Activated
jvm 1    | 2018-05-21 12:33:04,922+0000 INFO  [jetty-main-1]  org.sonatype.nexus.configuration.application.DefaultNexusConfiguration - Loading Nexus Configuration...
jvm 1    | 2018-05-21 12:33:04,943+0000 INFO  [jetty-main-1]  org.sonatype.nexus.configuration.source.StaticConfigurationSource - Configuration loaded successfully.
jvm 1    | 2018-05-21 12:33:04,944+0000 WARN  [jetty-main-1]  org.sonatype.nexus.configuration.source.FileConfigurationSource - No configuration file in place, copying the default one and continuing with it.
jvm 1    | 2018-05-21 12:33:05,159+0000 INFO  [jetty-main-1]  org.sonatype.nexus.configuration.source.FileConfigurationSource - Configuration loaded successfully.
jvm 1    | 2018-05-21 12:33:05,239+0000 INFO  [jetty-main-1]  org.sonatype.nexus.configuration.source.FileConfigurationSource - Nexus configuration validated successfully.
jvm 1    | 2018-05-21 12:33:05,279+0000 INFO  [jetty-main-1]  org.sonatype.nexus.configuration.application.DefaultNexusConfiguration - Applying Nexus Configuration...
jvm 1    | 2018-05-21 12:33:05,295+0000 INFO  [jetty-main-1]  org.sonatype.security.configuration.source.FileSecurityConfigurationSource - Loading Security configuration from /home/sandu_suma/Calculator/nexus/../sonatype-work/nexus/conf/security-configuration.xml
jvm 1    | 2018-05-21 12:33:05,299+0000 INFO  [jetty-main-1]  org.apache.shiro.cache.ehcache.EhCacheManager - Cache with name 'XmlAuthenticatingRealm.authorizationCache' does not yet exist.  Creating now.
jvm 1    | 2018-05-21 12:33:05,300+0000 INFO  [jetty-main-1]  org.apache.shiro.cache.ehcache.EhCacheManager - Added EhCache named [XmlAuthenticatingRealm.authorizationCache]
jvm 1    | 2018-05-21 12:33:05,301+0000 INFO  [jetty-main-1]  org.apache.shiro.cache.ehcache.EhCacheManager - Cache with name 'XmlAuthorizingRealm.authorizationCache' does not yet exist.  Creating now.
jvm 1    | 2018-05-21 12:33:05,302+0000 INFO  [jetty-main-1]  org.apache.shiro.cache.ehcache.EhCacheManager - Added EhCache named [XmlAuthorizingRealm.authorizationCache]
jvm 1    | 2018-05-21 12:33:05,347+0000 INFO  [jetty-main-1]  org.sonatype.nexus.proxy.attributes.DefaultLSAttributeStorage - Default FS AttributeStorage in place, using JacksonJSON marshaller. 
jvm 1    | 2018-05-21 12:33:05,895+0000 INFO  [jetty-main-1]  org.sonatype.nexus.proxy.registry.DefaultRepositoryRegistry - Added repository "Central" [id=central][contentClass=Maven2][mainFacet=org.sonatype.nexus.proxy.maven.MavenProxyRepository]
jvm 1    | 2018-05-21 12:33:06,026+0000 INFO  [jetty-main-1]  org.sonatype.nexus.proxy.registry.DefaultRepositoryRegistry - Added repository "Apache Snapshots" [id=apache-snapshots][contentClass=Maven2][mainFacet=org.sonatype.nexus.proxy.maven.MavenProxyRepository]
jvm 1    | 2018-05-21 12:33:06,136+0000 INFO  [jetty-main-1]  org.sonatype.nexus.proxy.registry.DefaultRepositoryRegistry - Added repository "Releases" [id=releases][contentClass=Maven2][mainFacet=org.sonatype.nexus.proxy.maven.MavenHostedRepository]
jvm 1    | 2018-05-21 12:33:06,171+0000 INFO  [jetty-main-1]  org.sonatype.nexus.proxy.registry.DefaultRepositoryRegistry - Added repository "Snapshots" [id=snapshots][contentClass=Maven2][mainFacet=org.sonatype.nexus.proxy.maven.MavenHostedRepository]
jvm 1    | 2018-05-21 12:33:06,215+0000 INFO  [jetty-main-1]  org.sonatype.nexus.proxy.registry.DefaultRepositoryRegistry - Added repository "3rd party" [id=thirdparty][contentClass=Maven2][mainFacet=org.sonatype.nexus.proxy.maven.MavenHostedRepository]
jvm 1    | 2018-05-21 12:33:06,245+0000 INFO  [jetty-main-1]  org.sonatype.nexus.proxy.registry.DefaultRepositoryRegistry - Added repository "Central M1 shadow" [id=central-m1][contentClass=Maven1][mainFacet=org.sonatype.nexus.proxy.maven.MavenShadowRepository]
jvm 1    | 2018-05-21 12:33:06,294+0000 INFO  [jetty-main-1]  org.sonatype.nexus.proxy.registry.DefaultRepositoryRegistry - Added repository "Public Repositories" [id=public][contentClass=Maven2][mainFacet=org.sonatype.nexus.proxy.repository.GroupRepository]
jvm 1    | 2018-05-21 12:33:06,294+0000 INFO  [jetty-main-1]  org.sonatype.scheduling.DefaultScheduler - Initializing Scheduler...
jvm 1    | 2018-05-21 12:33:06,294+0000 INFO  [jetty-main-1]  org.sonatype.nexus.scheduling.internal.DefaultTaskConfigManager - 0 task(s) to load.
jvm 1    | 2018-05-21 12:33:06,309+0000 INFO  [jetty-main-1]  org.sonatype.nexus.NxApplication - This is 1st start of new Nexus instance.
jvm 1    | 2018-05-21 12:33:06,310+0000 INFO  [jetty-main-1]  org.sonatype.nexus.NxApplication - Nexus Work Directory : /home/sandu_suma/Calculator/sonatype-work/nexus
jvm 1    | 2018-05-21 12:33:06,310+0000 INFO  [jetty-main-1]  org.sonatype.nexus.NxApplication - Started Nexus Repository Manager OSS 2.14.8-01
jvm 1    | 2018-05-21 12:33:06,691+0000 INFO  [ar-7-thread-4] *TASK org.sonatype.nexus.proxy.maven.routing.internal.ManagerImpl - Updated and published prefix file of "3rd party" [id=thirdparty]
jvm 1    | 2018-05-21 12:33:06,699+0000 INFO  [ar-7-thread-1] *TASK org.sonatype.nexus.proxy.maven.routing.internal.ManagerImpl - Updated and published prefix file of "Releases" [id=releases]
jvm 1    | 2018-05-21 12:33:06,736+0000 INFO  [ar-7-thread-2] *TASK org.sonatype.nexus.proxy.maven.routing.internal.ManagerImpl - Updated and published prefix file of "Snapshots" [id=snapshots]
jvm 1    | 2018-05-21 12:33:07,207+0000 INFO  [ar-7-thread-5] *TASK org.sonatype.nexus.proxy.storage.remote.httpclient.HttpClientRemoteStorage - Initializing remote transport for proxy repository "Apache Snapshots" [id=apache-snapshots]...
jvm 1    | 2018-05-21 12:33:07,257+0000 INFO  [ar-7-thread-3] *TASK org.sonatype.nexus.proxy.storage.remote.httpclient.HttpClientRemoteStorage - Initializing remote transport for proxy repository "Central" [id=central]...
jvm 1    | 2018-05-21 12:33:07,938+0000 INFO  [ar-7-thread-3] *TASK org.sonatype.nexus.proxy.maven.routing.internal.ManagerImpl - Updated and published prefix file of "Public Repositories" [id=public]
jvm 1    | 2018-05-21 12:33:08,082+0000 INFO  [jetty-main-1]  com.sonatype.nexus.plugins.nuget.odata.NugetODataGalleryMigrator - Starting Nuget DB migration.
jvm 1    | 2018-05-21 12:33:08,084+0000 INFO  [jetty-main-1]  com.sonatype.nexus.plugins.nuget.odata.NugetODataGalleryMigrator - Starting Nuget DB migration to version 1
jvm 1    | 2018-05-21 12:33:08,093+0000 INFO  [jetty-main-1]  com.sonatype.nexus.plugins.nuget.odata.NugetODataGalleryMigrator - Completed Nuget DB migration to version 1
jvm 1    | 2018-05-21 12:33:08,094+0000 INFO  [jetty-main-1]  com.sonatype.nexus.plugins.nuget.odata.NugetODataGalleryMigrator - Starting Nuget DB migration to version 2
jvm 1    | 2018-05-21 12:33:08,095+0000 INFO  [jetty-main-1]  com.sonatype.nexus.plugins.nuget.odata.NugetODataGalleryMigrator - Completed Nuget DB migration to version 2
jvm 1    | 2018-05-21 12:33:08,096+0000 INFO  [jetty-main-1]  com.sonatype.nexus.plugins.nuget.odata.NugetODataGalleryMigrator - Starting Nuget DB migration to version 3
jvm 1    | 2018-05-21 12:33:08,096+0000 INFO  [jetty-main-1]  com.sonatype.nexus.plugins.nuget.odata.NugetODataGalleryMigrator - Completed Nuget DB migration to version 3
jvm 1    | 2018-05-21 12:33:08,097+0000 INFO  [jetty-main-1]  com.sonatype.nexus.plugins.nuget.odata.NugetODataGalleryMigrator - Starting Nuget DB migration to version 4
jvm 1    | 2018-05-21 12:33:08,099+0000 INFO  [jetty-main-1]  com.sonatype.nexus.plugins.nuget.odata.NugetODataGalleryMigrator - Completed Nuget DB migration to version 4
jvm 1    | 2018-05-21 12:33:08,099+0000 INFO  [jetty-main-1]  com.sonatype.nexus.plugins.nuget.odata.NugetODataGalleryMigrator - Starting Nuget DB migration to version 5
jvm 1    | 2018-05-21 12:33:08,101+0000 INFO  [jetty-main-1]  com.sonatype.nexus.plugins.nuget.odata.NugetODataGalleryMigrator - Completed Nuget DB migration to version 5
jvm 1    | 2018-05-21 12:33:08,101+0000 INFO  [jetty-main-1]  com.sonatype.nexus.plugins.nuget.odata.NugetODataGalleryMigrator - Starting Nuget DB migration to version 6
jvm 1    | 2018-05-21 12:33:08,107+0000 INFO  [jetty-main-1]  com.sonatype.nexus.plugins.nuget.odata.NugetODataGalleryMigrator - Completed Nuget DB migration to version 6
jvm 1    | 2018-05-21 12:33:08,108+0000 INFO  [jetty-main-1]  com.sonatype.nexus.plugins.nuget.odata.NugetODataGalleryMigrator - Starting Nuget DB migration to version 7
jvm 1    | 2018-05-21 12:33:08,109+0000 INFO  [jetty-main-1]  com.sonatype.nexus.plugins.nuget.odata.NugetODataGalleryMigrator - Completed Nuget DB migration to version 7
jvm 1    | 2018-05-21 12:33:08,109+0000 INFO  [jetty-main-1]  com.sonatype.nexus.plugins.nuget.odata.NugetODataGalleryMigrator - Starting Nuget DB migration to version 8
jvm 1    | 2018-05-21 12:33:08,110+0000 INFO  [jetty-main-1]  com.sonatype.nexus.plugins.nuget.odata.NugetODataGalleryMigrator - Completed Nuget DB migration to version 8
jvm 1    | 2018-05-21 12:33:08,110+0000 INFO  [jetty-main-1]  com.sonatype.nexus.plugins.nuget.odata.NugetODataGalleryMigrator - Starting Nuget DB migration to version 9
jvm 1    | 2018-05-21 12:33:08,111+0000 INFO  [jetty-main-1]  com.sonatype.nexus.plugins.nuget.odata.NugetODataGalleryMigrator - Completed Nuget DB migration to version 9
jvm 1    | 2018-05-21 12:33:08,111+0000 INFO  [jetty-main-1]  com.sonatype.nexus.plugins.nuget.odata.NugetODataGalleryMigrator - Completed Nuget DB migration.
jvm 1    | 2018-05-21 12:33:08,113+0000 INFO  [jetty-main-1]  org.sonatype.nexus.proxy.targets.DefaultTargetRegistryEventInspector - Adding default target for site content class
jvm 1    | 2018-05-21 12:33:08,113+0000 INFO  [jetty-main-1]  org.sonatype.nexus.proxy.targets.DefaultTargetRegistryEventInspector - Adding default target for npm content class
jvm 1    | 2018-05-21 12:33:08,113+0000 INFO  [jetty-main-1]  org.sonatype.nexus.proxy.targets.DefaultTargetRegistryEventInspector - Adding default target for nuget content class
jvm 1    | 2018-05-21 12:33:08,113+0000 INFO  [jetty-main-1]  org.sonatype.nexus.proxy.targets.DefaultTargetRegistryEventInspector - Adding default target for rubygems content class
jvm 1    | 2018-05-21 12:33:08,114+0000 INFO  [jetty-main-1]  org.sonatype.nexus.configuration.application.DefaultNexusConfiguration - Applying Nexus Configuration due to changes in [Repository Target Registry]...
jvm 1    | 2018-05-21 12:33:08,156+0000 INFO  [jetty-main-1]  org.sonatype.nexus.webapp.WebappBootstrap - Initialized
jvm 1    | 2018-05-21 12:33:08,421+0000 INFO  [jetty-main-1]  org.sonatype.nexus.rest.NexusApplication_UriMatching - Strict URI matching: true
jvm 1    | 2018-05-21 12:33:08,576+0000 INFO  [jetty-main-1]  org.sonatype.nexus.configuration.ModelUtils - Loading model /home/sandu_suma/Calculator/sonatype-work/nexus/conf/lvo-plugin.xml
jvm 1    | 2018-05-21 12:33:08,621+0000 INFO  [jetty-main-1]  org.sonatype.nexus.configuration.ModelUtils - Loading model /home/sandu_suma/Calculator/sonatype-work/nexus/conf/ldap.xml
jvm 1    | 2018-05-21 12:33:08,899+0000 INFO  [jetty-main-1]  org.sonatype.nexus.plugins.siesta.SiestaModule - Resources:
jvm 1    | 2018-05-21 12:33:08,899+0000 INFO  [jetty-main-1]  org.sonatype.nexus.plugins.siesta.SiestaModule -   /service/siesta/analytics/events
jvm 1    | 2018-05-21 12:33:08,899+0000 INFO  [jetty-main-1]  org.sonatype.nexus.plugins.siesta.SiestaModule -   /service/siesta/analytics/settings
jvm 1    | 2018-05-21 12:33:08,899+0000 INFO  [jetty-main-1]  org.sonatype.nexus.plugins.siesta.SiestaModule -   /service/siesta/atlas/security-diagnostic
jvm 1    | 2018-05-21 12:33:08,899+0000 INFO  [jetty-main-1]  org.sonatype.nexus.plugins.siesta.SiestaModule -   /service/siesta/atlas/support-zip
jvm 1    | 2018-05-21 12:33:08,900+0000 INFO  [jetty-main-1]  org.sonatype.nexus.plugins.siesta.SiestaModule -   /service/siesta/atlas/system-information
jvm 1    | 2018-05-21 12:33:08,900+0000 INFO  [jetty-main-1]  org.sonatype.nexus.plugins.siesta.SiestaModule -   /service/siesta/capabilities
jvm 1    | 2018-05-21 12:33:08,900+0000 INFO  [jetty-main-1]  org.sonatype.nexus.plugins.siesta.SiestaModule -   /service/siesta/capabilities/stores
jvm 1    | 2018-05-21 12:33:08,900+0000 INFO  [jetty-main-1]  org.sonatype.nexus.plugins.siesta.SiestaModule -   /service/siesta/capabilities/types
jvm 1    | 2018-05-21 12:33:08,900+0000 INFO  [jetty-main-1]  org.sonatype.nexus.plugins.siesta.SiestaModule -   /service/siesta/clm
jvm 1    | 2018-05-21 12:33:08,900+0000 INFO  [jetty-main-1]  org.sonatype.nexus.plugins.siesta.SiestaModule -   /service/siesta/clm/applications
jvm 1    | 2018-05-21 12:33:08,900+0000 INFO  [jetty-main-1]  org.sonatype.nexus.plugins.siesta.SiestaModule -   /service/siesta/clm/firewall
jvm 1    | 2018-05-21 12:33:08,900+0000 INFO  [jetty-main-1]  org.sonatype.nexus.plugins.siesta.SiestaModule -   /service/siesta/healthcheck/gaDetails
jvm 1    | 2018-05-21 12:33:08,900+0000 INFO  [jetty-main-1]  org.sonatype.nexus.plugins.siesta.SiestaModule -   /service/siesta/healthcheck/gavDetails
jvm 1    | 2018-05-21 12:33:08,900+0000 INFO  [jetty-main-1]  org.sonatype.nexus.plugins.siesta.SiestaModule -   /service/siesta/healthcheck/healthCheckEula
jvm 1    | 2018-05-21 12:33:08,900+0000 INFO  [jetty-main-1]  org.sonatype.nexus.plugins.siesta.SiestaModule -   /service/siesta/healthcheck/healthCheckInfo
jvm 1    | 2018-05-21 12:33:08,900+0000 INFO  [jetty-main-1]  org.sonatype.nexus.plugins.siesta.SiestaModule -   /service/siesta/healthcheck/healthCheckStatus
jvm 1    | 2018-05-21 12:33:08,900+0000 INFO  [jetty-main-1]  org.sonatype.nexus.plugins.siesta.SiestaModule -   /service/siesta/healthcheck/healthCheckSummary/{repositoryId}/{path:.*}
jvm 1    | 2018-05-21 12:33:08,900+0000 INFO  [jetty-main-1]  org.sonatype.nexus.plugins.siesta.SiestaModule -   /service/siesta/logging/log
jvm 1    | 2018-05-21 12:33:08,900+0000 INFO  [jetty-main-1]  org.sonatype.nexus.plugins.siesta.SiestaModule -   /service/siesta/logging/loggers
jvm 1    | 2018-05-21 12:33:08,900+0000 INFO  [jetty-main-1]  org.sonatype.nexus.plugins.siesta.SiestaModule -   /service/siesta/migrationagent/configuration
jvm 1    | 2018-05-21 12:33:08,900+0000 INFO  [jetty-main-1]  org.sonatype.nexus.plugins.siesta.SiestaModule -   /service/siesta/migrationagent/repository
jvm 1    | 2018-05-21 12:33:08,900+0000 INFO  [jetty-main-1]  org.sonatype.nexus.plugins.siesta.SiestaModule -   /service/siesta/migrationagent/repository-changelog
jvm 1    | 2018-05-21 12:33:08,900+0000 INFO  [jetty-main-1]  org.sonatype.nexus.plugins.siesta.SiestaModule -   /service/siesta/migrationagent/repository-content
jvm 1    | 2018-05-21 12:33:08,900+0000 INFO  [jetty-main-1]  org.sonatype.nexus.plugins.siesta.SiestaModule -   /service/siesta/migrationagent/repository-migration
jvm 1    | 2018-05-21 12:33:08,900+0000 INFO  [jetty-main-1]  org.sonatype.nexus.plugins.siesta.SiestaModule -   /service/siesta/migrationagent/status
jvm 1    | 2018-05-21 12:33:08,900+0000 INFO  [jetty-main-1]  org.sonatype.nexus.plugins.siesta.SiestaModule -   /service/siesta/wonderland/authenticate
jvm 1    | 2018-05-21 12:33:08,900+0000 INFO  [jetty-main-1]  org.sonatype.nexus.plugins.siesta.SiestaModule -   /service/siesta/wonderland/download
jvm 1    | 2018-05-21 12:33:08,900+0000 INFO  [jetty-main-1]  org.sonatype.nexus.plugins.siesta.SiestaModule -   /service/siesta/wonderland/settings
jvm 1    | 2018-05-21 12:33:08,900+0000 INFO  [jetty-main-1]  org.sonatype.nexus.plugins.siesta.SiestaModule - Components:
jvm 1    | 2018-05-21 12:33:08,900+0000 INFO  [jetty-main-1]  org.sonatype.nexus.plugins.siesta.SiestaModule -   org.sonatype.nexus.plugins.capabilities.internal.rest.CapabilityNotFoundExceptionMapper
jvm 1    | 2018-05-21 12:33:08,900+0000 INFO  [jetty-main-1]  org.sonatype.nexus.plugins.siesta.SiestaModule -   org.sonatype.nexus.plugins.siesta.AuthorizationExceptionMapper
jvm 1    | 2018-05-21 12:33:08,900+0000 INFO  [jetty-main-1]  org.sonatype.nexus.plugins.siesta.SiestaModule -   org.sonatype.nexus.plugins.siesta.ErrorStatusRuntimeExceptionMapper
jvm 1    | 2018-05-21 12:33:08,900+0000 INFO  [jetty-main-1]  org.sonatype.nexus.plugins.siesta.SiestaModule -   org.sonatype.nexus.plugins.siesta.InvalidConfigurationExceptionMapper
jvm 1    | 2018-05-21 12:33:08,900+0000 INFO  [jetty-main-1]  org.sonatype.nexus.plugins.siesta.SiestaModule -   org.sonatype.nexus.plugins.siesta.NoSuchRepositoryExceptionMapper
jvm 1    | 2018-05-21 12:33:08,900+0000 INFO  [jetty-main-1]  org.sonatype.nexus.plugins.siesta.SiestaModule -   org.sonatype.sisu.siesta.jackson.JacksonProvider
jvm 1    | 2018-05-21 12:33:08,900+0000 INFO  [jetty-main-1]  org.sonatype.nexus.plugins.siesta.SiestaModule -   org.sonatype.sisu.siesta.server.internal.mappers.BadRequestExceptionMapper
jvm 1    | 2018-05-21 12:33:08,900+0000 INFO  [jetty-main-1]  org.sonatype.nexus.plugins.siesta.SiestaModule -   org.sonatype.sisu.siesta.server.internal.mappers.ConstraintViolationExceptionMapper
jvm 1    | 2018-05-21 12:33:08,900+0000 INFO  [jetty-main-1]  org.sonatype.nexus.plugins.siesta.SiestaModule -   org.sonatype.sisu.siesta.server.internal.mappers.InvalidObjectExceptionMapper
jvm 1    | 2018-05-21 12:33:08,900+0000 INFO  [jetty-main-1]  org.sonatype.nexus.plugins.siesta.SiestaModule -   org.sonatype.sisu.siesta.server.internal.mappers.ObjectNotFoundExceptionMapper
jvm 1    | 2018-05-21 12:33:08,901+0000 INFO  [jetty-main-1]  org.sonatype.nexus.plugins.siesta.SiestaModule -   org.sonatype.sisu.siesta.server.internal.mappers.ThrowableExceptionMapper
jvm 1    | 2018-05-21 12:33:08,901+0000 INFO  [jetty-main-1]  org.sonatype.nexus.plugins.siesta.SiestaModule -   org.sonatype.sisu.siesta.server.internal.mappers.ValidationErrorsExceptionMapper
jvm 1    | 2018-05-21 12:33:08,901+0000 INFO  [jetty-main-1]  org.sonatype.nexus.plugins.siesta.SiestaModule -   org.sonatype.sisu.siesta.server.internal.mappers.WebApplicationExceptionMapper
jvm 1    | 2018-05-21 12:33:08,901+0000 INFO  [jetty-main-1]  org.sonatype.nexus.plugins.siesta.SiestaModule -   org.sonatype.sisu.siesta.server.internal.mappers.WebApplicationMessageExceptionMapper
jvm 1    | 2018-05-21 12:33:09,929+0000 INFO  [jetty-main-1]  org.sonatype.nexus.webresources.internal.WebResourceServiceImpl - Discovered 1978 resources
jvm 1    | 2018-05-21 12:33:09,931+0000 INFO  [jetty-main-1]  org.sonatype.nexus.webresources.internal.WebResourceServlet - Max-age: 30 days (2592000 seconds)
jvm 1    | 2018-05-21 12:33:09,972+0000 INFO  [jetty-main-1]  org.sonatype.nexus.bootstrap.jetty.InstrumentedSelectChannelConnector - Metrics enabled
jvm 1    | 2018-05-21 12:33:09,991+0000 INFO  [jetty-main-1]  org.eclipse.jetty.server.AbstractConnector - Started InstrumentedSelectChannelConnector@0.0.0.0:8081
jvm 1    | 2018-05-21 12:33:09,991+0000 INFO  [jetty-main-1]  org.sonatype.nexus.bootstrap.jetty.JettyServer - Running
jvm 1    | 2018-05-21 12:33:09,992+0000 INFO  [WrapperListener_start_runner]  org.sonatype.nexus.bootstrap.jetty.JettyServer - Started
jvm 1    | 2018-05-21 12:33:28,240+0000 INFO  [qtp76288869-53]  org.apache.shiro.nexus5727.FixedDefaultWebSessionManager - Global session timeout: 1800000 ms
jvm 1    | 2018-05-21 12:33:28,241+0000 INFO  [qtp76288869-53]  org.apache.shiro.session.mgt.AbstractValidatingSessionManager - Enabling session validation scheduler...
jvm 1    | 2018-05-21 12:33:28,273+0000 INFO  [qtp76288869-53] *UNKNOWN org.sonatype.nexus.velocity.VelocityEngineProvider - Creating Nexus VelocityEngine
